Build started 5/23/2014 4:11:19 PM.
     1>Project "C:\Users\RHarrington\Documents\GitHub\MHSim\MHSim\MHSim.vcxproj" on node 2 (Build target(s)).
     1>ClCompile:
         C:\Program Files (x86)\Microsoft Visual Studio 11.0\VC\bin\CL.exe /c /IF:\Boost\boost_1_47 /ZI /nologo /W3 /WX- /sdl /Od /Oy- /D _UNICODE /D UNICODE /D _MBCS /Gm /EHsc /RTC1 /MDd /GS /fp:precise /Zc:wchar_t /Zc:forScope /Fo"Debug\\" /Fd"Debug\vc110.pdb" /Gd /TP /analyze- /errorReport:prompt Cable.cpp
         Cable.cpp
     1>c:\users\rharrington\documents\github\mhsim\mhsim\blisteringbolt.h(26): warning C4244: 'argument' : conversion from 'time_t' to 'unsigned int', possible loss of data
     1>c:\users\rharrington\documents\github\mhsim\mhsim\cable.cpp(17): error C2661: 'std::vector<_Ty>::insert' : no overloaded function takes 1 arguments
                 with
                 [
                     _Ty=ISkill *
                 ]
     1>Done Building Project "C:\Users\RHarrington\Documents\GitHub\MHSim\MHSim\MHSim.vcxproj" (Build target(s)) -- FAILED.

Build FAILED.

Time Elapsed 00:00:00.59
